2014-05-29 22:40:30 INFO  CsCompiler:50 - Parse of Test.cs completed successfully
2014-05-29 22:40:30 INFO  CsCompiler:65 - 0; cls_def; publicclassTest{privateintxxx=1,yyy;publicstaticvoidMain(){inta=5;int[,][]testInt=newint[1,2][3];System.Console.WriteLine("Hello, World!");a=6;}}
2014-05-29 22:40:30 INFO  CsCompiler:66 - 	 ParserRuleContext[cls_def]{start=[@0,0:5='public',<16>,1:0], stop=[@57,224:224='}',<27>,12:0]}
2014-05-29 22:40:30 TRACE ClassDef:34 - AccessModifiers#: 1
2014-05-29 22:40:30 TRACE ClassDef:36 - OtherModifiers#: 1
2014-05-29 22:40:30 TRACE ClassDef:42 - Class name: Test
2014-05-29 22:40:30 TRACE ClassField:19 - Method added: xxx
2014-05-29 22:40:30 TRACE ClassField:32 - Field added: xxx
2014-05-29 22:40:30 TRACE ClassField:19 - Method added: yyy
2014-05-29 22:40:30 TRACE ClassField:32 - Field added: yyy
2014-05-29 22:40:30 TRACE ClassMethod:24 - Method added: Main
2014-05-29 22:40:30 INFO  CsCompiler:65 - 1; declaration; privateintxxx=1,yyy;
2014-05-29 22:40:30 INFO  CsCompiler:66 - 	 ParserRuleContext[cls_def, declaration]{start=[@4,25:31='private',<16>,3:3], stop=[@11,49:49=';',<32>,3:27]}
2014-05-29 22:40:51 TRACE CsCompiler:36 - RuleIndexMap: {expression=28, inclusive_or_expression=35, assignment_expression=30, parameter_type_list=15, constant_expression=29, multiplicative_expression=21, jump_statement=46, compound_statement=42, relational_expression=39, enum_specifier=12, parameter_declaration=17, declaration_specifier=4, cast_expression=22, postfix_expression=25, equality_expression=38, assignment_operator=2, arg_suffix=9, enumerator=14, unary_expression=23, arr_suffix=7, arr_arg_suffix=8, cls_method=1, constant=27, declaration=3, init_declarator_list=5, selection_statement=44, expression_statement=43, init_declarator=6, cls_def=0, identifier_list=18, exclusive_or_expression=36, enumerator_list=13, statement=41, logical_and_expression=34, additive_expression=20, conditional_expression=32, lvalue=31, and_expression=37, primary_expression=26, shift_expression=40, iteration_statement=45, logical_or_expression=33, type_specifier=11, declarator_suffix=10, parameter_list=16, argument_expression_list=19, constructor_call=24}
2014-05-29 22:40:51 TRACE CsCompiler:37 - TokenTypeMap: {'/'=40, '||'=45, '&&'=44, ';'=32, 'return'=13, SHIFT_OPERATOR=23, PRIMITIVE_TYPE_MODIFIER=15, 'for'=8, EOF=-1, '+'=37, EQUALITY_OPERATOR=21, '.'=35, '^'=43, '++'=24, STRING_LITERAL=50, 'else'=7, FLOATING_POINT_LITERAL=54, 'break'=12, IDENTIFIER=48, '{'=26, '...'=36, PRIMITIVE_TYPE=14, '?'=46, HEX_LITERAL=51, 'if'=6, '('=28, ':'=33, COMMENT=56, 'while'=9, '-'=38, ','=34, 'default'=5, ']'=31, 'enum'=3, '|'=42, 'class'=2, 'new'=1, LINE_COMMENT=57, ASSIGN_AND_MODIFY_OPERATOR=19, OCTAL_LITERAL=53, CHARACTER_LITERAL=49, '='=18, ')'=29, '%'=47, 'do'=10, 'case'=4, '}'=27, WS=55, COMPARSION_OPERATOR=22, OTHER_MODIFIER=17, LINE_COMMAND=58, ACCESS_MODIFIER=16, 'continue'=11, <INVALID>=0, '--'=25, '['=30, '*'=39, UNARY_OPERATOR=20, DECIMAL_LITERAL=52, '&'=41}
2014-05-29 22:40:51 DEBUG CsCompiler:39 - Printing parse tree:
2014-05-29 22:40:51 DEBUG CsCompiler:40 - (cls_def public class Test { (declaration (declaration_specifier private (type_specifier int)) (init_declarator_list (init_declarator xxx (assignment_operator =) (assignment_expression (conditional_expression (logical_or_expression (logical_and_expression (inclusive_or_expression (exclusive_or_expression (and_expression (equality_expression (relational_expression (shift_expression (additive_expression (multiplicative_expression (cast_expression (unary_expression (postfix_expression (primary_expression (constant 1)))))))))))))))))) , (init_declarator yyy)) ;) (cls_method (declaration_specifier public static (type_specifier void)) Main (declarator_suffix ( (parameter_type_list (parameter_list (parameter_declaration (declaration_specifier (type_specifier int)) i))) )) (compound_statement { (declaration (declaration_specifier (type_specifier int)) (init_declarator_list (init_declarator a (assignment_operator =) (assignment_expression (conditional_expression (logical_or_expression (logical_and_expression (inclusive_or_expression (exclusive_or_expression (and_expression (equality_expression (relational_expression (shift_expression (additive_expression (multiplicative_expression (cast_expression (unary_expression (postfix_expression (primary_expression (constant 5))))))))))))))))))) ;) (declaration (declaration_specifier (type_specifier int) (arr_suffix [ , ]) (arr_suffix [ ])) (init_declarator_list (init_declarator testInt (assignment_operator =) (assignment_expression (conditional_expression (logical_or_expression (logical_and_expression (inclusive_or_expression (exclusive_or_expression (and_expression (equality_expression (relational_expression (shift_expression (additive_expression (multiplicative_expression (cast_expression (unary_expression (constructor_call new (type_specifier int) (arr_arg_suffix [ (argument_expression_list (assignment_expression (conditional_expression (logical_or_expression (logical_and_expression (inclusive_or_expression (exclusive_or_expression (and_expression (equality_expression (relational_expression (shift_expression (additive_expression (multiplicative_expression (cast_expression (unary_expression (postfix_expression (primary_expression (constant 1))))))))))))))))) , (assignment_expression (conditional_expression (logical_or_expression (logical_and_expression (inclusive_or_expression (exclusive_or_expression (and_expression (equality_expression (relational_expression (shift_expression (additive_expression (multiplicative_expression (cast_expression (unary_expression (postfix_expression (primary_expression (constant 2)))))))))))))))))) ]) (arr_arg_suffix [ (argument_expression_list (assignment_expression (conditional_expression (logical_or_expression (logical_and_expression (inclusive_or_expression (exclusive_or_expression (and_expression (equality_expression (relational_expression (shift_expression (additive_expression (multiplicative_expression (cast_expression (unary_expression (postfix_expression (primary_expression (constant 3)))))))))))))))))) ])))))))))))))))))) ;) (statement (expression_statement (expression (assignment_expression (conditional_expression (logical_or_expression (logical_and_expression (inclusive_or_expression (exclusive_or_expression (and_expression (equality_expression (relational_expression (shift_expression (additive_expression (multiplicative_expression (cast_expression (unary_expression (postfix_expression (primary_expression System) . (postfix_expression (primary_expression Console) . (postfix_expression (primary_expression WriteLine) ( (argument_expression_list (assignment_expression (conditional_expression (logical_or_expression (logical_and_expression (inclusive_or_expression (exclusive_or_expression (and_expression (equality_expression (relational_expression (shift_expression (additive_expression (multiplicative_expression (cast_expression (unary_expression (postfix_expression (primary_expression (constant "Hello, World!")))))))))))))))))) ))))))))))))))))))) ;)) (statement (expression_statement (expression (assignment_expression (lvalue (unary_expression (postfix_expression (primary_expression a)))) (assignment_operator =) (assignment_expression (conditional_expression (logical_or_expression (logical_and_expression (inclusive_or_expression (exclusive_or_expression (and_expression (equality_expression (relational_expression (shift_expression (additive_expression (multiplicative_expression (cast_expression (unary_expression (postfix_expression (primary_expression (constant 6))))))))))))))))))) ;)) })) })
2014-05-29 22:40:51 INFO  CsCompiler:50 - Parse of Test.cs completed successfully
2014-05-29 22:40:51 INFO  CsCompiler:65 - 0; cls_def; publicclassTest{privateintxxx=1,yyy;publicstaticvoidMain(inti){inta=5;int[,][]testInt=newint[1,2][3];System.Console.WriteLine("Hello, World!");a=6;}}
2014-05-29 22:40:51 INFO  CsCompiler:66 - 	 ParserRuleContext[cls_def]{start=[@0,0:5='public',<16>,1:0], stop=[@59,229:229='}',<27>,12:0]}
2014-05-29 22:40:51 TRACE ClassDef:34 - AccessModifiers#: 1
2014-05-29 22:40:51 TRACE ClassDef:36 - OtherModifiers#: 1
2014-05-29 22:40:51 TRACE ClassDef:42 - Class name: Test
2014-05-29 22:40:51 TRACE ClassField:19 - Method added: xxx
2014-05-29 22:40:51 TRACE ClassField:32 - Field added: xxx
2014-05-29 22:40:51 TRACE ClassField:19 - Method added: yyy
2014-05-29 22:40:51 TRACE ClassField:32 - Field added: yyy
2014-05-29 22:40:51 TRACE ClassMethod:24 - Method added: Main
2014-05-29 22:40:51 TRACE MethodArg:13 - MethodArg added: i
2014-05-29 22:40:51 INFO  CsCompiler:65 - 1; declaration; privateintxxx=1,yyy;
2014-05-29 22:40:51 INFO  CsCompiler:66 - 	 ParserRuleContext[cls_def, declaration]{start=[@4,25:31='private',<16>,3:3], stop=[@11,49:49=';',<32>,3:27]}
